<?xml version="1.0" encoding="UTF-8"?>
<!-- Generated by org.testng.reporters.JUnitXMLReporter -->
<testsuite hostname="Admin_SRV-PC" ignored="0" name="Testff" tests="15" failures="1" timestamp="2022-05-18T21:38:18 IST" time="155.081" errors="0">
  <testcase name="@AfterTest teardown" time="0.162" classname="tests.Datautilslogindemo">
    <failure type="org.openqa.selenium.remote.http.ConnectionFailedException" message="Unable to establish websocket connection to http://localhost:57231/devtools/browser/64889954-e93b-4e20-88ab-adda55112503
Build info: version: &amp;apos;4.1.2&amp;apos;, revision: &amp;apos;9a5a329c5a&amp;apos;
System info: host: &amp;apos;ADMIN_SRV-PC&amp;apos;, ip: &amp;apos;192.168.88.1&amp;apos;, os.name: &amp;apos;Windows 7&amp;apos;, os.arch: &amp;apos;x86&amp;apos;, os.version: &amp;apos;6.1&amp;apos;, java.version: &amp;apos;1.8.0_321&amp;apos;
Driver info: driver.version: RemoteWebDriver">
      <![CDATA[org.openqa.selenium.remote.http.ConnectionFailedException: Unable to establish websocket connection to http://localhost:57231/devtools/browser/64889954-e93b-4e20-88ab-adda55112503
Build info: version: '4.1.2', revision: '9a5a329c5a'
System info: host: 'ADMIN_SRV-PC', ip: '192.168.88.1', os.name: 'Windows 7', os.arch: 'x86', os.version: '6.1', java.version: '1.8.0_321'
Driver info: driver.version: RemoteWebDriver
at org.openqa.selenium.remote.http.netty.NettyWebSocket.<init>(NettyWebSocket.java:104)
at org.openqa.selenium.remote.http.netty.NettyWebSocket.lambda$create$3(NettyWebSocket.java:137)
at org.openqa.selenium.remote.http.netty.NettyClient.openSocket(NettyClient.java:118)
at org.openqa.selenium.devtools.Connection.<init>(Connection.java:77)
at org.openqa.selenium.firefox.FirefoxDriver.maybeGetDevTools(FirefoxDriver.java:310)
at org.openqa.selenium.remote.RemoteWebDriver.close(RemoteWebDriver.java:440)
at tests.Datautilslogindemo.teardown(Datautilslogindemo.java:112)
at java.util.concurrent.FutureTask.run(Unknown Source)
at java.util.concurrent.ThreadPoolExecutor.runWorker(Unknown Source)
at java.util.concurrent.ThreadPoolExecutor$Worker.run(Unknown Source)
at java.lang.Thread.run(Unknown Source)
... Removed 15 stack frames]]>
    </failure>
  </testcase> <!-- @AfterTest teardown -->
  <testcase name="finaldata" time="15.939" classname="tests.Datautilslogindemo"/>
  <testcase name="finaldata" time="8.85" classname="tests.Datautilslogindemo"/>
  <testcase name="finaldata" time="8.931" classname="tests.Datautilslogindemo"/>
  <testcase name="finaldata" time="8.75" classname="tests.Datautilslogindemo"/>
  <testcase name="finaldata" time="10.17" classname="tests.Datautilslogindemo"/>
  <testcase name="finaldata" time="6.337" classname="tests.Datautilslogindemo"/>
  <testcase name="finaldata" time="8.734" classname="tests.Datautilslogindemo"/>
  <testcase name="finaldata" time="8.749" classname="tests.Datautilslogindemo"/>
  <testcase name="finaldata" time="9.531" classname="tests.Datautilslogindemo"/>
  <testcase name="finaldata" time="8.69" classname="tests.Datautilslogindemo"/>
  <testcase name="finaldata" time="8.8" classname="tests.Datautilslogindemo"/>
  <testcase name="finaldata" time="8.707" classname="tests.Datautilslogindemo"/>
  <testcase name="finaldata" time="5.745" classname="tests.Datautilslogindemo"/>
  <testcase name="finaldata" time="8.648" classname="tests.Datautilslogindemo"/>
  <testcase name="finaldata" time="0.454" classname="tests.Datautilslogindemo">
    <failure type="java.lang.IllegalArgumentException" message="Keys to send should be a not null CharSequence">
      <![CDATA[java.lang.IllegalArgumentException: Keys to send should be a not null CharSequence
at org.openqa.selenium.remote.RemoteWebElement.sendKeys(RemoteWebElement.java:92)
at org.openqa.selenium.support.pagefactory.internal.LocatingElementHandler.invoke(LocatingElementHandler.java:52)
at com.sun.proxy.$Proxy15.sendKeys(Unknown Source)
at pages.loginpage.name(loginpage.java:44)
at tests.Datautilslogindemo.finaldata(Datautilslogindemo.java:59)
at java.util.ArrayList.forEach(Unknown Source)
at java.util.concurrent.FutureTask.run(Unknown Source)
at java.util.concurrent.ThreadPoolExecutor.runWorker(Unknown Source)
at java.util.concurrent.ThreadPoolExecutor$Worker.run(Unknown Source)
at java.lang.Thread.run(Unknown Source)
... Removed 20 stack frames]]>
    </failure>
  </testcase> <!-- finaldata -->
</testsuite> <!-- Testff -->
