<?xml version="1.0" encoding="UTF-8"?>
<testng-results skipped="0" failed="0" ignored="0" total="1" passed="1">
  <reporter-output>
  </reporter-output>
  <suite name="Default suite" duration-ms="3570" started-at="2022-05-19T17:29:54 IST" finished-at="2022-05-19T17:29:58 IST">
    <groups>
    </groups>
    <test name="Default test" duration-ms="3570" started-at="2022-05-19T17:29:54 IST" finished-at="2022-05-19T17:29:58 IST">
      <class name="Restassureddemo.Onlineputpatch">
        <test-method status="PASS" signature="putmethdemo()[pri:0, instance:Restassureddemo.Onlineputpatch@720b71]" name="putmethdemo" duration-ms="3505" started-at="2022-05-19T17:29:54 IST" finished-at="2022-05-19T17:29:58 IST">
          <reporter-output>
          </reporter-output>
        </test-method> <!-- putmethdemo -->
      </class> <!-- Restassureddemo.Onlineputpatch -->
    </test> <!-- Default test -->
  </suite> <!-- Default suite -->
</testng-results>
