<?xml version="1.0" encoding="UTF-8"?>
<testng-results skipped="0" failed="1" ignored="0" total="1" passed="0">
  <reporter-output>
  </reporter-output>
  <suite name="Default suite" duration-ms="120567" started-at="2022-05-28T18:09:09 IST" finished-at="2022-05-28T18:11:10 IST">
    <groups>
    </groups>
    <test name="Default test" duration-ms="120567" started-at="2022-05-28T18:09:09 IST" finished-at="2022-05-28T18:11:10 IST">
      <class name="tests.makemytripflghttest">
        <test-method status="PASS" signature="setup()[pri:0, instance:tests.makemytripflghttest@16b4233]" name="setup" is-config="true" duration-ms="15583" started-at="2022-05-28T18:09:09 IST" finished-at="2022-05-28T18:09:25 IST">
          <reporter-output>
          </reporter-output>
        </test-method> <!-- setup -->
        <test-method status="FAIL" signature="testexecution()[pri:0, instance:tests.makemytripflghttest@16b4233]" name="testexecution" duration-ms="104921" started-at="2022-05-28T18:09:25 IST" finished-at="2022-05-28T18:11:10 IST">
          <exception class="java.net.ProtocolException">
            <message>
              <![CDATA[Server redirected too many  times (20)]]>
            </message>
            <full-stacktrace>
              <![CDATA[java.net.ProtocolException: Server redirected too many  times (20)
at sun.net.www.protocol.http.HttpURLConnection.getInputStream0(Unknown Source)
at sun.net.www.protocol.http.HttpURLConnection.getInputStream(Unknown Source)
at java.net.HttpURLConnection.getResponseCode(Unknown Source)
at java.net.HttpURLConnection.getResponseMessage(Unknown Source)
at sun.net.www.protocol.https.HttpsURLConnectionImpl.getResponseMessage(Unknown Source)
at pages.makemytrip.totallinksandimages(makemytrip.java:206)
at tests.makemytripflghttest.testexecution(makemytripflghttest.java:47)
at sun.reflect.NativeMethodAccessorImpl.invoke0(Native Method)
at sun.reflect.NativeMethodAccessorImpl.invoke(Unknown Source)
at sun.reflect.DelegatingMethodAccessorImpl.invoke(Unknown Source)
at java.lang.reflect.Method.invoke(Unknown Source)
at org.testng.internal.MethodInvocationHelper.invokeMethod(MethodInvocationHelper.java:133)
at org.testng.internal.TestInvoker.invokeMethod(TestInvoker.java:598)
at org.testng.internal.TestInvoker.invokeTestMethod(TestInvoker.java:173)
at org.testng.internal.MethodRunner.runInSequence(MethodRunner.java:46)
at org.testng.internal.TestInvoker$MethodInvocationAgent.invoke(TestInvoker.java:824)
at org.testng.internal.TestInvoker.invokeTestMethods(TestInvoker.java:146)
at org.testng.internal.TestMethodWorker.invokeTestMethods(TestMethodWorker.java:146)
at org.testng.internal.TestMethodWorker.run(TestMethodWorker.java:128)
at java.util.ArrayList.forEach(Unknown Source)
at org.testng.TestRunner.privateRun(TestRunner.java:794)
at org.testng.TestRunner.run(TestRunner.java:596)
at org.testng.SuiteRunner.runTest(SuiteRunner.java:377)
at org.testng.SuiteRunner.runSequentially(SuiteRunner.java:371)
at org.testng.SuiteRunner.privateRun(SuiteRunner.java:332)
at org.testng.SuiteRunner.run(SuiteRunner.java:276)
at org.testng.SuiteRunnerWorker.runSuite(SuiteRunnerWorker.java:53)
at org.testng.SuiteRunnerWorker.run(SuiteRunnerWorker.java:96)
at org.testng.TestNG.runSuitesSequentially(TestNG.java:1212)
at org.testng.TestNG.runSuitesLocally(TestNG.java:1134)
at org.testng.TestNG.runSuites(TestNG.java:1063)
at org.testng.TestNG.run(TestNG.java:1031)
at org.testng.remote.AbstractRemoteTestNG.run(AbstractRemoteTestNG.java:115)
at org.testng.remote.RemoteTestNG.initAndRun(RemoteTestNG.java:251)
at org.testng.remote.RemoteTestNG.main(RemoteTestNG.java:77)
]]>
            </full-stacktrace>
          </exception> <!-- java.net.ProtocolException -->
          <reporter-output>
          </reporter-output>
        </test-method> <!-- testexecution -->
      </class> <!-- tests.makemytripflghttest -->
    </test> <!-- Default test -->
  </suite> <!-- Default suite -->
</testng-results>
